<?xml version="1.0" encoding="UTF-8"?>
<testsuite xmlns:xsi="http://www.w3.org/2001/XMLSchema-instance" xsi:schemaLocation="https://maven.apache.org/surefire/maven-surefire-plugin/xsd/surefire-test-report.xsd" name="TestSuite" time="1.196" tests="321" errors="0" skipped="317" failures="3">
  <properties>
    <property name="java.runtime.name" value="Java(TM) SE Runtime Environment"/>
    <property name="sun.boot.library.path" value="/Library/Java/JavaVirtualMachines/jdk1.8.0_40.jdk/Contents/Home/jre/lib"/>
    <property name="java.vm.version" value="25.40-b25"/>
    <property name="gopherProxySet" value="false"/>
    <property name="java.vm.vendor" value="Oracle Corporation"/>
    <property name="maven.multiModuleProjectDirectory" value="/Users/apple/Documents/Eisoo Git code/AndroidAutoTest/anysharetest"/>
    <property name="java.vendor.url" value="http://java.oracle.com/"/>
    <property name="path.separator" value=":"/>
    <property name="guice.disable.misplaced.annotation.check" value="true"/>
    <property name="java.vm.name" value="Java HotSpot(TM) 64-Bit Server VM"/>
    <property name="file.encoding.pkg" value="sun.io"/>
    <property name="user.country" value="CN"/>
    <property name="sun.java.launcher" value="SUN_STANDARD"/>
    <property name="sun.os.patch.level" value="unknown"/>
    <property name="java.vm.specification.name" value="Java Virtual Machine Specification"/>
    <property name="user.dir" value="/Users/apple/Documents/Eisoo Git code/AndroidAutoTest/anysharetest"/>
    <property name="java.runtime.version" value="1.8.0_40-b27"/>
    <property name="java.awt.graphicsenv" value="sun.awt.CGraphicsEnvironment"/>
    <property name="java.endorsed.dirs" value="/Library/Java/JavaVirtualMachines/jdk1.8.0_40.jdk/Contents/Home/jre/lib/endorsed"/>
    <property name="os.arch" value="x86_64"/>
    <property name="java.io.tmpdir" value="/var/folders/np/_f8hm2hs47d7ptnbk41f5ytc0000gn/T/"/>
    <property name="line.separator" value="&#10;"/>
    <property name="java.vm.specification.vendor" value="Oracle Corporation"/>
    <property name="os.name" value="Mac OS X"/>
    <property name="classworlds.conf" value="/Users/apple/Documents/workspace/Maven/apache-maven-3.5.2/bin/m2.conf"/>
    <property name="sun.jnu.encoding" value="UTF-8"/>
    <property name="java.library.path" value="/Users/apple/Library/Java/Extensions:/Library/Java/Extensions:/Network/Library/Java/Extensions:/System/Library/Java/Extensions:/usr/lib/java:."/>
    <property name="maven.conf" value="/Users/apple/Documents/workspace/Maven/apache-maven-3.5.2/conf"/>
    <property name="java.specification.name" value="Java Platform API Specification"/>
    <property name="java.class.version" value="52.0"/>
    <property name="sun.management.compiler" value="HotSpot 64-Bit Tiered Compilers"/>
    <property name="os.version" value="10.13.2"/>
    <property name="library.jansi.path" value="/Users/apple/Documents/workspace/Maven/apache-maven-3.5.2/lib/jansi-native"/>
    <property name="user.home" value="/Users/apple"/>
    <property name="user.timezone" value="Asia/Shanghai"/>
    <property name="java.awt.printerjob" value="sun.lwawt.macosx.CPrinterJob"/>
    <property name="java.specification.version" value="1.8"/>
    <property name="file.encoding" value="UTF-8"/>
    <property name="user.name" value="apple"/>
    <property name="java.class.path" value="/Users/apple/Documents/workspace/Maven/apache-maven-3.5.2/boot/plexus-classworlds-2.5.2.jar"/>
    <property name="java.vm.specification.version" value="1.8"/>
    <property name="sun.arch.data.model" value="64"/>
    <property name="java.home" value="/Library/Java/JavaVirtualMachines/jdk1.8.0_40.jdk/Contents/Home/jre"/>
    <property name="sun.java.command" value="org.codehaus.plexus.classworlds.launcher.Launcher test"/>
    <property name="java.specification.vendor" value="Oracle Corporation"/>
    <property name="user.language" value="zh"/>
    <property name="user.language.format" value="en"/>
    <property name="awt.toolkit" value="sun.lwawt.macosx.LWCToolkit"/>
    <property name="java.vm.info" value="mixed mode"/>
    <property name="java.version" value="1.8.0_40"/>
    <property name="java.ext.dirs" value="/Users/apple/Library/Java/Extensions:/Library/Java/JavaVirtualMachines/jdk1.8.0_40.jdk/Contents/Home/jre/lib/ext:/Library/Java/Extensions:/Network/Library/Java/Extensions:/System/Library/Java/Extensions:/usr/lib/java"/>
    <property name="sun.boot.class.path" value="/Library/Java/JavaVirtualMachines/jdk1.8.0_40.jdk/Contents/Home/jre/lib/resources.jar:/Library/Java/JavaVirtualMachines/jdk1.8.0_40.jdk/Contents/Home/jre/lib/rt.jar:/Library/Java/JavaVirtualMachines/jdk1.8.0_40.jdk/Contents/Home/jre/lib/sunrsasign.jar:/Library/Java/JavaVirtualMachines/jdk1.8.0_40.jdk/Contents/Home/jre/lib/jsse.jar:/Library/Java/JavaVirtualMachines/jdk1.8.0_40.jdk/Contents/Home/jre/lib/jce.jar:/Library/Java/JavaVirtualMachines/jdk1.8.0_40.jdk/Contents/Home/jre/lib/charsets.jar:/Library/Java/JavaVirtualMachines/jdk1.8.0_40.jdk/Contents/Home/jre/lib/jfr.jar:/Library/Java/JavaVirtualMachines/jdk1.8.0_40.jdk/Contents/Home/jre/classes"/>
    <property name="java.vendor" value="Oracle Corporation"/>
    <property name="maven.home" value="/Users/apple/Documents/workspace/Maven/apache-maven-3.5.2"/>
    <property name="file.separator" value="/"/>
    <property name="java.vendor.url.bug" value="http://bugreport.sun.com/bugreport/"/>
    <property name="sun.cpu.endian" value="little"/>
    <property name="sun.io.unicode.encoding" value="UnicodeBig"/>
    <property name="sun.cpu.isalist" value=""/>
  </properties>
  <testcase name="beforeClass" classname="com.eisoo.anysharetest.DownloadTest" time="0.848">
    <failure message="Could not start a new session. Possible causes are invalid address of the remote server or browser start-up failure.&#10;Build info: version: &apos;2.53.0&apos;, revision: &apos;35ae25b1534ae328c771e0856c93e187490ca824&apos;, time: &apos;2016-03-15 10:43:46&apos;&#10;System info: host: &apos;VivideMacBook-Pro.local&apos;, ip: &apos;192.168.2.30&apos;, os.name: &apos;Mac OS X&apos;, os.arch: &apos;x86_64&apos;, os.version: &apos;10.13.2&apos;, java.version: &apos;1.8.0_40&apos;&#10;Driver info: driver.version: AndroidDriver" type="org.openqa.selenium.remote.UnreachableBrowserException">org.openqa.selenium.remote.UnreachableBrowserException: 
Could not start a new session. Possible causes are invalid address of the remote server or browser start-up failure.
Build info: version: '2.53.0', revision: '35ae25b1534ae328c771e0856c93e187490ca824', time: '2016-03-15 10:43:46'
System info: host: 'VivideMacBook-Pro.local', ip: '192.168.2.30', os.name: 'Mac OS X', os.arch: 'x86_64', os.version: '10.13.2', java.version: '1.8.0_40'
Driver info: driver.version: AndroidDriver
	at com.eisoo.anysharetest.DownloadTest.beforeClass(DownloadTest.java:27)
Caused by: org.openqa.selenium.WebDriverException: 
org.apache.http.conn.HttpHostConnectException: Connect to 127.0.0.1:4723 [/127.0.0.1] failed: Connection refused
Build info: version: '2.53.0', revision: '35ae25b1534ae328c771e0856c93e187490ca824', time: '2016-03-15 10:43:46'
System info: host: 'VivideMacBook-Pro.local', ip: '192.168.2.30', os.name: 'Mac OS X', os.arch: 'x86_64', os.version: '10.13.2', java.version: '1.8.0_40'
Driver info: driver.version: AndroidDriver
	at com.eisoo.anysharetest.DownloadTest.beforeClass(DownloadTest.java:27)
Caused by: org.apache.http.conn.HttpHostConnectException: Connect to 127.0.0.1:4723 [/127.0.0.1] failed: Connection refused
	at com.eisoo.anysharetest.DownloadTest.beforeClass(DownloadTest.java:27)
Caused by: java.net.ConnectException: Connection refused
	at com.eisoo.anysharetest.DownloadTest.beforeClass(DownloadTest.java:27)
</failure>
    <system-out><![CDATA[BeforeTest
init 失败！
]]></system-out>
  </testcase>
  <testcase name="downldAFile" classname="com.eisoo.anysharetest.DownloadTest" time="0">
    <skipped/>
  </testcase>
  <testcase name="afterMethod" classname="com.eisoo.anysharetest.DownloadTest" time="0">
    <skipped/>
  </testcase>
  <testcase name="afterMethod" classname="com.eisoo.anysharetest.DownloadTest" time="0">
    <skipped/>
  </testcase>
  <testcase name="afterMethod" classname="com.eisoo.anysharetest.DownloadTest" time="0">
    <skipped/>
  </testcase>
  <testcase name="afterMethod" classname="com.eisoo.anysharetest.DownloadTest" time="0">
    <skipped/>
  </testcase>
  <testcase name="afterMethod" classname="com.eisoo.anysharetest.DownloadTest" time="0">
    <skipped/>
  </testcase>
  <testcase name="afterMethod" classname="com.eisoo.anysharetest.DownloadTest" time="0">
    <skipped/>
  </testcase>
  <testcase name="afterMethod" classname="com.eisoo.anysharetest.DownloadTest" time="0">
    <skipped/>
  </testcase>
  <testcase name="downldAllFile" classname="com.eisoo.anysharetest.DownloadTest" time="0">
    <skipped/>
  </testcase>
  <testcase name="downldManyFile" classname="com.eisoo.anysharetest.DownloadTest" time="0">
    <skipped/>
  </testcase>
  <testcase name="downldMultiFile" classname="com.eisoo.anysharetest.DownloadTest" time="0">
    <skipped/>
  </testcase>
  <testcase name="beforeClass" classname="com.eisoo.anysharetest.FullFuctionTest" time="0.006">
    <failure message="Could not start a new session. Possible causes are invalid address of the remote server or browser start-up failure.&#10;Build info: version: &apos;2.53.0&apos;, revision: &apos;35ae25b1534ae328c771e0856c93e187490ca824&apos;, time: &apos;2016-03-15 10:43:46&apos;&#10;System info: host: &apos;VivideMacBook-Pro.local&apos;, ip: &apos;192.168.2.30&apos;, os.name: &apos;Mac OS X&apos;, os.arch: &apos;x86_64&apos;, os.version: &apos;10.13.2&apos;, java.version: &apos;1.8.0_40&apos;&#10;Driver info: driver.version: AndroidDriver" type="org.openqa.selenium.remote.UnreachableBrowserException">org.openqa.selenium.remote.UnreachableBrowserException: 
Could not start a new session. Possible causes are invalid address of the remote server or browser start-up failure.
Build info: version: '2.53.0', revision: '35ae25b1534ae328c771e0856c93e187490ca824', time: '2016-03-15 10:43:46'
System info: host: 'VivideMacBook-Pro.local', ip: '192.168.2.30', os.name: 'Mac OS X', os.arch: 'x86_64', os.version: '10.13.2', java.version: '1.8.0_40'
Driver info: driver.version: AndroidDriver
	at com.eisoo.anysharetest.FullFuctionTest.beforeClass(FullFuctionTest.java:28)
Caused by: org.openqa.selenium.WebDriverException: 
org.apache.http.conn.HttpHostConnectException: Connect to 127.0.0.1:4723 [/127.0.0.1] failed: Connection refused
Build info: version: '2.53.0', revision: '35ae25b1534ae328c771e0856c93e187490ca824', time: '2016-03-15 10:43:46'
System info: host: 'VivideMacBook-Pro.local', ip: '192.168.2.30', os.name: 'Mac OS X', os.arch: 'x86_64', os.version: '10.13.2', java.version: '1.8.0_40'
Driver info: driver.version: AndroidDriver
	at com.eisoo.anysharetest.FullFuctionTest.beforeClass(FullFuctionTest.java:28)
Caused by: org.apache.http.conn.HttpHostConnectException: Connect to 127.0.0.1:4723 [/127.0.0.1] failed: Connection refused
	at com.eisoo.anysharetest.FullFuctionTest.beforeClass(FullFuctionTest.java:28)
Caused by: java.net.ConnectException: Connection refused
	at com.eisoo.anysharetest.FullFuctionTest.beforeClass(FullFuctionTest.java:28)
</failure>
  </testcase>
  <testcase name="beforeMethod" classname="com.eisoo.anysharetest.FullFuctionTest" time="0">
    <skipped/>
  </testcase>
  <testcase name="beforeMethod" classname="com.eisoo.anysharetest.FullFuctionTest" time="0">
    <skipped/>
  </testcase>
  <testcase name="beforeMethod" classname="com.eisoo.anysharetest.FullFuctionTest" time="0">
    <skipped/>
  </testcase>
  <testcase name="beforeMethod" classname="com.eisoo.anysharetest.FullFuctionTest" time="0">
    <skipped/>
  </testcase>
  <testcase name="beforeMethod" classname="com.eisoo.anysharetest.FullFuctionTest" time="0">
    <skipped/>
  </testcase>
  <testcase name="beforeMethod" classname="com.eisoo.anysharetest.FullFuctionTest" time="0">
    <skipped/>
  </testcase>
  <testcase name="beforeMethod" classname="com.eisoo.anysharetest.FullFuctionTest" time="0">
    <skipped/>
  </testcase>
  <testcase name="beforeMethod" classname="com.eisoo.anysharetest.FullFuctionTest" time="0">
    <skipped/>
  </testcase>
  <testcase name="beforeMethod" classname="com.eisoo.anysharetest.FullFuctionTest" time="0">
    <skipped/>
  </testcase>
  <testcase name="beforeMethod" classname="com.eisoo.anysharetest.FullFuctionTest" time="0">
    <skipped/>
  </testcase>
  <testcase name="beforeMethod" classname="com.eisoo.anysharetest.FullFuctionTest" time="0">
    <skipped/>
  </testcase>
  <testcase name="beforeMethod" classname="com.eisoo.anysharetest.FullFuctionTest" time="0">
    <skipped/>
  </testcase>
  <testcase name="beforeMethod" classname="com.eisoo.anysharetest.FullFuctionTest" time="0">
    <skipped/>
  </testcase>
  <testcase name="beforeMethod" classname="com.eisoo.anysharetest.FullFuctionTest" time="0">
    <skipped/>
  </testcase>
  <testcase name="beforeMethod" classname="com.eisoo.anysharetest.FullFuctionTest" time="0">
    <skipped/>
  </testcase>
  <testcase name="beforeMethod" classname="com.eisoo.anysharetest.FullFuctionTest" time="0">
    <skipped/>
  </testcase>
  <testcase name="beforeMethod" classname="com.eisoo.anysharetest.FullFuctionTest" time="0">
    <skipped/>
  </testcase>
  <testcase name="beforeMethod" classname="com.eisoo.anysharetest.FullFuctionTest" time="0">
    <skipped/>
  </testcase>
  <testcase name="beforeMethod" classname="com.eisoo.anysharetest.FullFuctionTest" time="0">
    <skipped/>
  </testcase>
  <testcase name="beforeMethod" classname="com.eisoo.anysharetest.FullFuctionTest" time="0">
    <skipped/>
  </testcase>
  <testcase name="beforeMethod" classname="com.eisoo.anysharetest.FullFuctionTest" time="0">
    <skipped/>
  </testcase>
  <testcase name="beforeMethod" classname="com.eisoo.anysharetest.FullFuctionTest" time="0">
    <skipped/>
  </testcase>
  <testcase name="beforeMethod" classname="com.eisoo.anysharetest.FullFuctionTest" time="0">
    <skipped/>
  </testcase>
  <testcase name="beforeMethod" classname="com.eisoo.anysharetest.FullFuctionTest" time="0">
    <skipped/>
  </testcase>
  <testcase name="beforeMethod" classname="com.eisoo.anysharetest.FullFuctionTest" time="0">
    <skipped/>
  </testcase>
  <testcase name="beforeMethod" classname="com.eisoo.anysharetest.FullFuctionTest" time="0">
    <skipped/>
  </testcase>
  <testcase name="beforeMethod" classname="com.eisoo.anysharetest.FullFuctionTest" time="0">
    <skipped/>
  </testcase>
  <testcase name="beforeMethod" classname="com.eisoo.anysharetest.FullFuctionTest" time="0">
    <skipped/>
  </testcase>
  <testcase name="beforeMethod" classname="com.eisoo.anysharetest.FullFuctionTest" time="0">
    <skipped/>
  </testcase>
  <testcase name="beforeMethod" classname="com.eisoo.anysharetest.FullFuctionTest" time="0">
    <skipped/>
  </testcase>
  <testcase name="beforeMethod" classname="com.eisoo.anysharetest.FullFuctionTest" time="0">
    <skipped/>
  </testcase>
  <testcase name="beforeMethod" classname="com.eisoo.anysharetest.FullFuctionTest" time="0">
    <skipped/>
  </testcase>
  <testcase name="beforeMethod" classname="com.eisoo.anysharetest.FullFuctionTest" time="0">
    <skipped/>
  </testcase>
  <testcase name="beforeMethod" classname="com.eisoo.anysharetest.FullFuctionTest" time="0">
    <skipped/>
  </testcase>
  <testcase name="beforeMethod" classname="com.eisoo.anysharetest.FullFuctionTest" time="0">
    <skipped/>
  </testcase>
  <testcase name="beforeMethod" classname="com.eisoo.anysharetest.FullFuctionTest" time="0">
    <skipped/>
  </testcase>
  <testcase name="beforeMethod" classname="com.eisoo.anysharetest.FullFuctionTest" time="0">
    <skipped/>
  </testcase>
  <testcase name="beforeMethod" classname="com.eisoo.anysharetest.FullFuctionTest" time="0">
    <skipped/>
  </testcase>
  <testcase name="beforeMethod" classname="com.eisoo.anysharetest.FullFuctionTest" time="0">
    <skipped/>
  </testcase>
  <testcase name="beforeMethod" classname="com.eisoo.anysharetest.FullFuctionTest" time="0">
    <skipped/>
  </testcase>
  <testcase name="beforeMethod" classname="com.eisoo.anysharetest.FullFuctionTest" time="0">
    <skipped/>
  </testcase>
  <testcase name="beforeMethod" classname="com.eisoo.anysharetest.FullFuctionTest" time="0">
    <skipped/>
  </testcase>
  <testcase name="beforeMethod" classname="com.eisoo.anysharetest.FullFuctionTest" time="0">
    <skipped/>
  </testcase>
  <testcase name="beforeMethod" classname="com.eisoo.anysharetest.FullFuctionTest" time="0">
    <skipped/>
  </testcase>
  <testcase name="beforeMethod" classname="com.eisoo.anysharetest.FullFuctionTest" time="0">
    <skipped/>
  </testcase>
  <testcase name="beforeMethod" classname="com.eisoo.anysharetest.FullFuctionTest" time="0">
    <skipped/>
  </testcase>
  <testcase name="beforeMethod" classname="com.eisoo.anysharetest.FullFuctionTest" time="0">
    <skipped/>
  </testcase>
  <testcase name="beforeMethod" classname="com.eisoo.anysharetest.FullFuctionTest" time="0">
    <skipped/>
  </testcase>
  <testcase name="beforeMethod" classname="com.eisoo.anysharetest.FullFuctionTest" time="0">
    <skipped/>
  </testcase>
  <testcase name="beforeMethod" classname="com.eisoo.anysharetest.FullFuctionTest" time="0">
    <skipped/>
  </testcase>
  <testcase name="beforeMethod" classname="com.eisoo.anysharetest.FullFuctionTest" time="0">
    <skipped/>
  </testcase>
  <testcase name="beforeMethod" classname="com.eisoo.anysharetest.FullFuctionTest" time="0">
    <skipped/>
  </testcase>
  <testcase name="beforeMethod" classname="com.eisoo.anysharetest.FullFuctionTest" time="0">
    <skipped/>
  </testcase>
  <testcase name="beforeMethod" classname="com.eisoo.anysharetest.FullFuctionTest" time="0">
    <skipped/>
  </testcase>
  <testcase name="beforeMethod" classname="com.eisoo.anysharetest.FullFuctionTest" time="0">
    <skipped/>
  </testcase>
  <testcase name="beforeMethod" classname="com.eisoo.anysharetest.FullFuctionTest" time="0">
    <skipped/>
  </testcase>
  <testcase name="a_uploadAllVideo" classname="com.eisoo.anysharetest.FullFuctionTest" time="0">
    <skipped/>
  </testcase>
  <testcase name="afterMethod" classname="com.eisoo.anysharetest.FullFuctionTest" time="0">
    <skipped/>
  </testcase>
  <testcase name="afterMethod" classname="com.eisoo.anysharetest.FullFuctionTest" time="0">
    <skipped/>
  </testcase>
  <testcase name="afterMethod" classname="com.eisoo.anysharetest.FullFuctionTest" time="0">
    <skipped/>
  </testcase>
  <testcase name="afterMethod" classname="com.eisoo.anysharetest.FullFuctionTest" time="0">
    <skipped/>
  </testcase>
  <testcase name="afterMethod" classname="com.eisoo.anysharetest.FullFuctionTest" time="0">
    <skipped/>
  </testcase>
  <testcase name="afterMethod" classname="com.eisoo.anysharetest.FullFuctionTest" time="0">
    <skipped/>
  </testcase>
  <testcase name="afterMethod" classname="com.eisoo.anysharetest.FullFuctionTest" time="0">
    <skipped/>
  </testcase>
  <testcase name="afterMethod" classname="com.eisoo.anysharetest.FullFuctionTest" time="0">
    <skipped/>
  </testcase>
  <testcase name="afterMethod" classname="com.eisoo.anysharetest.FullFuctionTest" time="0">
    <skipped/>
  </testcase>
  <testcase name="afterMethod" classname="com.eisoo.anysharetest.FullFuctionTest" time="0">
    <skipped/>
  </testcase>
  <testcase name="afterMethod" classname="com.eisoo.anysharetest.FullFuctionTest" time="0">
    <skipped/>
  </testcase>
  <testcase name="afterMethod" classname="com.eisoo.anysharetest.FullFuctionTest" time="0">
    <skipped/>
  </testcase>
  <testcase name="afterMethod" classname="com.eisoo.anysharetest.FullFuctionTest" time="0">
    <skipped/>
  </testcase>
  <testcase name="afterMethod" classname="com.eisoo.anysharetest.FullFuctionTest" time="0">
    <skipped/>
  </testcase>
  <testcase name="afterMethod" classname="com.eisoo.anysharetest.FullFuctionTest" time="0">
    <skipped/>
  </testcase>
  <testcase name="afterMethod" classname="com.eisoo.anysharetest.FullFuctionTest" time="0">
    <skipped/>
  </testcase>
  <testcase name="afterMethod" classname="com.eisoo.anysharetest.FullFuctionTest" time="0">
    <skipped/>
  </testcase>
  <testcase name="afterMethod" classname="com.eisoo.anysharetest.FullFuctionTest" time="0">
    <skipped/>
  </testcase>
  <testcase name="afterMethod" classname="com.eisoo.anysharetest.FullFuctionTest" time="0">
    <skipped/>
  </testcase>
  <testcase name="afterMethod" classname="com.eisoo.anysharetest.FullFuctionTest" time="0">
    <skipped/>
  </testcase>
  <testcase name="afterMethod" classname="com.eisoo.anysharetest.FullFuctionTest" time="0">
    <skipped/>
  </testcase>
  <testcase name="afterMethod" classname="com.eisoo.anysharetest.FullFuctionTest" time="0">
    <skipped/>
  </testcase>
  <testcase name="afterMethod" classname="com.eisoo.anysharetest.FullFuctionTest" time="0">
    <skipped/>
  </testcase>
  <testcase name="afterMethod" classname="com.eisoo.anysharetest.FullFuctionTest" time="0">
    <skipped/>
  </testcase>
  <testcase name="afterMethod" classname="com.eisoo.anysharetest.FullFuctionTest" time="0">
    <skipped/>
  </testcase>
  <testcase name="afterMethod" classname="com.eisoo.anysharetest.FullFuctionTest" time="0">
    <skipped/>
  </testcase>
  <testcase name="afterMethod" classname="com.eisoo.anysharetest.FullFuctionTest" time="0">
    <skipped/>
  </testcase>
  <testcase name="afterMethod" classname="com.eisoo.anysharetest.FullFuctionTest" time="0">
    <skipped/>
  </testcase>
  <testcase name="afterMethod" classname="com.eisoo.anysharetest.FullFuctionTest" time="0">
    <skipped/>
  </testcase>
  <testcase name="afterMethod" classname="com.eisoo.anysharetest.FullFuctionTest" time="0">
    <skipped/>
  </testcase>
  <testcase name="afterMethod" classname="com.eisoo.anysharetest.FullFuctionTest" time="0">
    <skipped/>
  </testcase>
  <testcase name="afterMethod" classname="com.eisoo.anysharetest.FullFuctionTest" time="0">
    <skipped/>
  </testcase>
  <testcase name="afterMethod" classname="com.eisoo.anysharetest.FullFuctionTest" time="0">
    <skipped/>
  </testcase>
  <testcase name="afterMethod" classname="com.eisoo.anysharetest.FullFuctionTest" time="0">
    <skipped/>
  </testcase>
  <testcase name="afterMethod" classname="com.eisoo.anysharetest.FullFuctionTest" time="0">
    <skipped/>
  </testcase>
  <testcase name="afterMethod" classname="com.eisoo.anysharetest.FullFuctionTest" time="0">
    <skipped/>
  </testcase>
  <testcase name="afterMethod" classname="com.eisoo.anysharetest.FullFuctionTest" time="0">
    <skipped/>
  </testcase>
  <testcase name="afterMethod" classname="com.eisoo.anysharetest.FullFuctionTest" time="0">
    <skipped/>
  </testcase>
  <testcase name="afterMethod" classname="com.eisoo.anysharetest.FullFuctionTest" time="0">
    <skipped/>
  </testcase>
  <testcase name="afterMethod" classname="com.eisoo.anysharetest.FullFuctionTest" time="0">
    <skipped/>
  </testcase>
  <testcase name="afterMethod" classname="com.eisoo.anysharetest.FullFuctionTest" time="0">
    <skipped/>
  </testcase>
  <testcase name="afterMethod" classname="com.eisoo.anysharetest.FullFuctionTest" time="0">
    <skipped/>
  </testcase>
  <testcase name="afterMethod" classname="com.eisoo.anysharetest.FullFuctionTest" time="0">
    <skipped/>
  </testcase>
  <testcase name="afterMethod" classname="com.eisoo.anysharetest.FullFuctionTest" time="0">
    <skipped/>
  </testcase>
  <testcase name="afterMethod" classname="com.eisoo.anysharetest.FullFuctionTest" time="0">
    <skipped/>
  </testcase>
  <testcase name="afterMethod" classname="com.eisoo.anysharetest.FullFuctionTest" time="0">
    <skipped/>
  </testcase>
  <testcase name="afterMethod" classname="com.eisoo.anysharetest.FullFuctionTest" time="0">
    <skipped/>
  </testcase>
  <testcase name="afterMethod" classname="com.eisoo.anysharetest.FullFuctionTest" time="0">
    <skipped/>
  </testcase>
  <testcase name="afterMethod" classname="com.eisoo.anysharetest.FullFuctionTest" time="0">
    <skipped/>
  </testcase>
  <testcase name="afterMethod" classname="com.eisoo.anysharetest.FullFuctionTest" time="0">
    <skipped/>
  </testcase>
  <testcase name="afterMethod" classname="com.eisoo.anysharetest.FullFuctionTest" time="0">
    <skipped/>
  </testcase>
  <testcase name="afterMethod" classname="com.eisoo.anysharetest.FullFuctionTest" time="0">
    <skipped/>
  </testcase>
  <testcase name="afterMethod" classname="com.eisoo.anysharetest.FullFuctionTest" time="0">
    <skipped/>
  </testcase>
  <testcase name="afterMethod" classname="com.eisoo.anysharetest.FullFuctionTest" time="0">
    <skipped/>
  </testcase>
  <testcase name="afterMethod" classname="com.eisoo.anysharetest.FullFuctionTest" time="0">
    <skipped/>
  </testcase>
  <testcase name="afterMethod" classname="com.eisoo.anysharetest.FullFuctionTest" time="0">
    <skipped/>
  </testcase>
  <testcase name="a_uploadAudio" classname="com.eisoo.anysharetest.FullFuctionTest" time="0">
    <skipped/>
  </testcase>
  <testcase name="a_uploadContinueVideo" classname="com.eisoo.anysharetest.FullFuctionTest" time="0">
    <skipped/>
  </testcase>
  <testcase name="a_uploadFile" classname="com.eisoo.anysharetest.FullFuctionTest" time="0">
    <skipped/>
  </testcase>
  <testcase name="a_uploadMulVideo" classname="com.eisoo.anysharetest.FullFuctionTest" time="0">
    <skipped/>
  </testcase>
  <testcase name="a_uploadNoPermission" classname="com.eisoo.anysharetest.FullFuctionTest" time="0">
    <skipped/>
  </testcase>
  <testcase name="a_uploadNoWifi" classname="com.eisoo.anysharetest.FullFuctionTest" time="0">
    <skipped/>
  </testcase>
  <testcase name="a_uploadPauseVideo" classname="com.eisoo.anysharetest.FullFuctionTest" time="0">
    <skipped/>
  </testcase>
  <testcase name="a_uploadPics" classname="com.eisoo.anysharetest.FullFuctionTest" time="0">
    <skipped/>
  </testcase>
  <testcase name="a_uploadTakePhoto" classname="com.eisoo.anysharetest.FullFuctionTest" time="0">
    <skipped/>
  </testcase>
  <testcase name="a_uploadVideo" classname="com.eisoo.anysharetest.FullFuctionTest" time="0">
    <skipped/>
  </testcase>
  <testcase name="a_uploadWaitWifi" classname="com.eisoo.anysharetest.FullFuctionTest" time="0">
    <skipped/>
  </testcase>
  <testcase name="b2_downldNoPermisison" classname="com.eisoo.anysharetest.FullFuctionTest" time="0">
    <skipped/>
  </testcase>
  <testcase name="b2_downldWaitWfi" classname="com.eisoo.anysharetest.FullFuctionTest" time="0">
    <skipped/>
  </testcase>
  <testcase name="b_downldAFile" classname="com.eisoo.anysharetest.FullFuctionTest" time="0">
    <skipped/>
  </testcase>
  <testcase name="b_downldAllFile" classname="com.eisoo.anysharetest.FullFuctionTest" time="0">
    <skipped/>
  </testcase>
  <testcase name="b_downldManyFile" classname="com.eisoo.anysharetest.FullFuctionTest" time="0">
    <skipped/>
  </testcase>
  <testcase name="b_downldMultiFile" classname="com.eisoo.anysharetest.FullFuctionTest" time="0">
    <skipped/>
  </testcase>
  <testcase name="c_asearchInlink" classname="com.eisoo.anysharetest.FullFuctionTest" time="0">
    <skipped/>
  </testcase>
  <testcase name="c_delFile" classname="com.eisoo.anysharetest.FullFuctionTest" time="0">
    <skipped/>
  </testcase>
  <testcase name="c_delFiles" classname="com.eisoo.anysharetest.FullFuctionTest" time="0">
    <skipped/>
  </testcase>
  <testcase name="c_renameFile" classname="com.eisoo.anysharetest.FullFuctionTest" time="0">
    <skipped/>
  </testcase>
  <testcase name="c_searchAlldir" classname="com.eisoo.anysharetest.FullFuctionTest" time="0">
    <skipped/>
  </testcase>
  <testcase name="c_searchExlink" classname="com.eisoo.anysharetest.FullFuctionTest" time="0">
    <skipped/>
  </testcase>
  <testcase name="c_searchKws" classname="com.eisoo.anysharetest.FullFuctionTest" time="0">
    <skipped/>
  </testcase>
  <testcase name="d_openAudio" classname="com.eisoo.anysharetest.FullFuctionTest" time="0">
    <skipped/>
  </testcase>
  <testcase name="d_openFile" classname="com.eisoo.anysharetest.FullFuctionTest" time="0">
    <skipped/>
  </testcase>
  <testcase name="d_openPic" classname="com.eisoo.anysharetest.FullFuctionTest" time="0">
    <skipped/>
  </testcase>
  <testcase name="d_openVideo" classname="com.eisoo.anysharetest.FullFuctionTest" time="0">
    <skipped/>
  </testcase>
  <testcase name="e_copyAllFiles" classname="com.eisoo.anysharetest.FullFuctionTest" time="0">
    <skipped/>
  </testcase>
  <testcase name="e_copyFile" classname="com.eisoo.anysharetest.FullFuctionTest" time="0">
    <skipped/>
  </testcase>
  <testcase name="e_copyFileSingle" classname="com.eisoo.anysharetest.FullFuctionTest" time="0">
    <skipped/>
  </testcase>
  <testcase name="e_copyFiles" classname="com.eisoo.anysharetest.FullFuctionTest" time="0">
    <skipped/>
  </testcase>
  <testcase name="e_moveAllFiles" classname="com.eisoo.anysharetest.FullFuctionTest" time="0">
    <skipped/>
  </testcase>
  <testcase name="e_moveFile" classname="com.eisoo.anysharetest.FullFuctionTest" time="0">
    <skipped/>
  </testcase>
  <testcase name="e_moveFileSingle" classname="com.eisoo.anysharetest.FullFuctionTest" time="0">
    <skipped/>
  </testcase>
  <testcase name="e_moveFiles" classname="com.eisoo.anysharetest.FullFuctionTest" time="0">
    <skipped/>
  </testcase>
  <testcase name="f_addcomm_diffChar" classname="com.eisoo.anysharetest.FullFuctionTest" time="0">
    <skipped/>
  </testcase>
  <testcase name="f_addcomm_inlimit" classname="com.eisoo.anysharetest.FullFuctionTest" time="0">
    <skipped/>
  </testcase>
  <testcase name="f_addcomm_overlimit" classname="com.eisoo.anysharetest.FullFuctionTest" time="0">
    <skipped/>
  </testcase>
  <testcase name="f_delcommt" classname="com.eisoo.anysharetest.FullFuctionTest" time="0">
    <skipped/>
  </testcase>
  <testcase name="f_replycommt" classname="com.eisoo.anysharetest.FullFuctionTest" time="0">
    <skipped/>
  </testcase>
  <testcase name="g_markAnyFile" classname="com.eisoo.anysharetest.FullFuctionTest" time="0">
    <skipped/>
  </testcase>
  <testcase name="g_unmarkAnyFile" classname="com.eisoo.anysharetest.FullFuctionTest" time="0">
    <skipped/>
  </testcase>
  <testcase name="h1_setOnTest" classname="com.eisoo.anysharetest.FullFuctionTest" time="0">
    <skipped/>
  </testcase>
  <testcase name="h2_modifyTest" classname="com.eisoo.anysharetest.FullFuctionTest" time="0">
    <skipped/>
  </testcase>
  <testcase name="h2_unlockTest" classname="com.eisoo.anysharetest.FullFuctionTest" time="0">
    <skipped/>
  </testcase>
  <testcase name="h3_setOffTest" classname="com.eisoo.anysharetest.FullFuctionTest" time="0">
    <skipped/>
  </testcase>
  <testcase name="i_setaEn" classname="com.eisoo.anysharetest.FullFuctionTest" time="0">
    <skipped/>
  </testcase>
  <testcase name="i_setaTraditional" classname="com.eisoo.anysharetest.FullFuctionTest" time="0">
    <skipped/>
  </testcase>
  <testcase name="i_setbCh" classname="com.eisoo.anysharetest.FullFuctionTest" time="0">
    <skipped/>
  </testcase>
  <testcase name="i_setbEnHome" classname="com.eisoo.anysharetest.FullFuctionTest" time="0">
    <skipped/>
  </testcase>
  <testcase name="i_setbTraditionalHome" classname="com.eisoo.anysharetest.FullFuctionTest" time="0">
    <skipped/>
  </testcase>
  <testcase name="i_setcChHome" classname="com.eisoo.anysharetest.FullFuctionTest" time="0">
    <skipped/>
  </testcase>
  <testcase name="z_loginDomainTest" classname="com.eisoo.anysharetest.FullFuctionTest" time="0">
    <skipped/>
  </testcase>
  <testcase name="downldNoWifi" classname="com.eisoo.anysharetest.DownloadTest" time="0">
    <skipped/>
  </testcase>
  <testcase name="b1_downldNoWifi" classname="com.eisoo.anysharetest.FullFuctionTest" time="0">
    <skipped/>
  </testcase>
  <testcase name="afterClass" classname="com.eisoo.anysharetest.FullFuctionTest" time="0">
    <skipped/>
  </testcase>
  <testcase name="downldNoPermisison" classname="com.eisoo.anysharetest.DownloadTest" time="0">
    <skipped/>
  </testcase>
  <testcase name="downldWaitWfi" classname="com.eisoo.anysharetest.DownloadTest" time="0">
    <skipped/>
  </testcase>
  <testcase name="afterClass" classname="com.eisoo.anysharetest.DownloadTest" time="0">
    <skipped/>
  </testcase>
  <testcase name="login" classname="com.eisoo.anysharetest.CopyMoveTest" time="0.009">
    <failure message="Could not start a new session. Possible causes are invalid address of the remote server or browser start-up failure.&#10;Build info: version: &apos;2.53.0&apos;, revision: &apos;35ae25b1534ae328c771e0856c93e187490ca824&apos;, time: &apos;2016-03-15 10:43:46&apos;&#10;System info: host: &apos;VivideMacBook-Pro.local&apos;, ip: &apos;192.168.2.30&apos;, os.name: &apos;Mac OS X&apos;, os.arch: &apos;x86_64&apos;, os.version: &apos;10.13.2&apos;, java.version: &apos;1.8.0_40&apos;&#10;Driver info: driver.version: AndroidDriver" type="org.openqa.selenium.remote.UnreachableBrowserException">org.openqa.selenium.remote.UnreachableBrowserException: 
Could not start a new session. Possible causes are invalid address of the remote server or browser start-up failure.
Build info: version: '2.53.0', revision: '35ae25b1534ae328c771e0856c93e187490ca824', time: '2016-03-15 10:43:46'
System info: host: 'VivideMacBook-Pro.local', ip: '192.168.2.30', os.name: 'Mac OS X', os.arch: 'x86_64', os.version: '10.13.2', java.version: '1.8.0_40'
Driver info: driver.version: AndroidDriver
	at com.eisoo.anysharetest.CopyMoveTest.login(CopyMoveTest.java:21)
Caused by: org.openqa.selenium.WebDriverException: 
org.apache.http.conn.HttpHostConnectException: Connect to 127.0.0.1:4723 [/127.0.0.1] failed: Connection refused
Build info: version: '2.53.0', revision: '35ae25b1534ae328c771e0856c93e187490ca824', time: '2016-03-15 10:43:46'
System info: host: 'VivideMacBook-Pro.local', ip: '192.168.2.30', os.name: 'Mac OS X', os.arch: 'x86_64', os.version: '10.13.2', java.version: '1.8.0_40'
Driver info: driver.version: AndroidDriver
	at com.eisoo.anysharetest.CopyMoveTest.login(CopyMoveTest.java:21)
Caused by: org.apache.http.conn.HttpHostConnectException: Connect to 127.0.0.1:4723 [/127.0.0.1] failed: Connection refused
	at com.eisoo.anysharetest.CopyMoveTest.login(CopyMoveTest.java:21)
Caused by: java.net.ConnectException: Connection refused
	at com.eisoo.anysharetest.CopyMoveTest.login(CopyMoveTest.java:21)
</failure>
  </testcase>
  <testcase name="copyAllFiles" classname="com.eisoo.anysharetest.CopyMoveTest" time="0">
    <skipped/>
  </testcase>
  <testcase name="sleep" classname="com.eisoo.anysharetest.CopyMoveTest" time="0">
    <skipped/>
  </testcase>
  <testcase name="sleep" classname="com.eisoo.anysharetest.CopyMoveTest" time="0">
    <skipped/>
  </testcase>
  <testcase name="sleep" classname="com.eisoo.anysharetest.CopyMoveTest" time="0">
    <skipped/>
  </testcase>
  <testcase name="sleep" classname="com.eisoo.anysharetest.CopyMoveTest" time="0">
    <skipped/>
  </testcase>
  <testcase name="sleep" classname="com.eisoo.anysharetest.CopyMoveTest" time="0">
    <skipped/>
  </testcase>
  <testcase name="sleep" classname="com.eisoo.anysharetest.CopyMoveTest" time="0">
    <skipped/>
  </testcase>
  <testcase name="sleep" classname="com.eisoo.anysharetest.CopyMoveTest" time="0">
    <skipped/>
  </testcase>
  <testcase name="sleep" classname="com.eisoo.anysharetest.CopyMoveTest" time="0">
    <skipped/>
  </testcase>
  <testcase name="copyFile" classname="com.eisoo.anysharetest.CopyMoveTest" time="0">
    <skipped/>
  </testcase>
  <testcase name="copyFileSingle" classname="com.eisoo.anysharetest.CopyMoveTest" time="0">
    <skipped/>
  </testcase>
  <testcase name="copyFiles" classname="com.eisoo.anysharetest.CopyMoveTest" time="0">
    <skipped/>
  </testcase>
  <testcase name="moveAllFiles" classname="com.eisoo.anysharetest.CopyMoveTest" time="0">
    <skipped/>
  </testcase>
  <testcase name="moveFile" classname="com.eisoo.anysharetest.CopyMoveTest" time="0">
    <skipped/>
  </testcase>
  <testcase name="moveFileSingle" classname="com.eisoo.anysharetest.CopyMoveTest" time="0">
    <skipped/>
  </testcase>
  <testcase name="moveFiles" classname="com.eisoo.anysharetest.CopyMoveTest" time="0">
    <skipped/>
  </testcase>
  <testcase name="quit" classname="com.eisoo.anysharetest.CopyMoveTest" time="0">
    <skipped/>
  </testcase>
  <testcase name="afterClass" classname="com.eisoo.anysharetest.CopyMoveTest" time="0">
    <skipped/>
  </testcase>
  <testcase name="login" classname="com.eisoo.anysharetest.LanguageSetTest" time="0">
    <skipped/>
  </testcase>
  <testcase name="setaEn" classname="com.eisoo.anysharetest.LanguageSetTest" time="0">
    <skipped/>
  </testcase>
  <testcase name="sleep" classname="com.eisoo.anysharetest.LanguageSetTest" time="0">
    <skipped/>
  </testcase>
  <testcase name="sleep" classname="com.eisoo.anysharetest.LanguageSetTest" time="0">
    <skipped/>
  </testcase>
  <testcase name="sleep" classname="com.eisoo.anysharetest.LanguageSetTest" time="0">
    <skipped/>
  </testcase>
  <testcase name="sleep" classname="com.eisoo.anysharetest.LanguageSetTest" time="0">
    <skipped/>
  </testcase>
  <testcase name="sleep" classname="com.eisoo.anysharetest.LanguageSetTest" time="0">
    <skipped/>
  </testcase>
  <testcase name="sleep" classname="com.eisoo.anysharetest.LanguageSetTest" time="0">
    <skipped/>
  </testcase>
  <testcase name="setaTraditional" classname="com.eisoo.anysharetest.LanguageSetTest" time="0">
    <skipped/>
  </testcase>
  <testcase name="setbCh" classname="com.eisoo.anysharetest.LanguageSetTest" time="0">
    <skipped/>
  </testcase>
  <testcase name="setbEnHome" classname="com.eisoo.anysharetest.LanguageSetTest" time="0">
    <skipped/>
  </testcase>
  <testcase name="setbTraditionalHome" classname="com.eisoo.anysharetest.LanguageSetTest" time="0">
    <skipped/>
  </testcase>
  <testcase name="setcChHome" classname="com.eisoo.anysharetest.LanguageSetTest" time="0">
    <skipped/>
  </testcase>
  <testcase name="quit" classname="com.eisoo.anysharetest.LanguageSetTest" time="0">
    <skipped/>
  </testcase>
  <testcase name="afterClass" classname="com.eisoo.anysharetest.LanguageSetTest" time="0">
    <skipped/>
  </testcase>
  <testcase name="beforeClass" classname="com.eisoo.anysharetest.MarkTest" time="0">
    <skipped/>
  </testcase>
  <testcase name="beforeMethod" classname="com.eisoo.anysharetest.MarkTest" time="0">
    <skipped/>
  </testcase>
  <testcase name="beforeMethod" classname="com.eisoo.anysharetest.MarkTest" time="0">
    <skipped/>
  </testcase>
  <testcase name="markAnyFile" classname="com.eisoo.anysharetest.MarkTest" time="0">
    <skipped/>
  </testcase>
  <testcase name="afterMethod" classname="com.eisoo.anysharetest.MarkTest" time="0">
    <skipped/>
  </testcase>
  <testcase name="afterMethod" classname="com.eisoo.anysharetest.MarkTest" time="0">
    <skipped/>
  </testcase>
  <testcase name="unmarkAnyFile" classname="com.eisoo.anysharetest.MarkTest" time="0">
    <skipped/>
  </testcase>
  <testcase name="afterClass" classname="com.eisoo.anysharetest.MarkTest" time="0">
    <skipped/>
  </testcase>
  <testcase name="beforeClass" classname="com.eisoo.anysharetest.GestureTest" time="0">
    <skipped/>
  </testcase>
  <testcase name="setOnTest" classname="com.eisoo.anysharetest.GestureTest" time="0">
    <skipped/>
  </testcase>
  <testcase name="afterMethod" classname="com.eisoo.anysharetest.GestureTest" time="0">
    <skipped/>
  </testcase>
  <testcase name="afterMethod" classname="com.eisoo.anysharetest.GestureTest" time="0">
    <skipped/>
  </testcase>
  <testcase name="afterMethod" classname="com.eisoo.anysharetest.GestureTest" time="0">
    <skipped/>
  </testcase>
  <testcase name="afterMethod" classname="com.eisoo.anysharetest.GestureTest" time="0">
    <skipped/>
  </testcase>
  <testcase name="modifyTest" classname="com.eisoo.anysharetest.GestureTest" time="0">
    <skipped/>
  </testcase>
  <testcase name="unlockTest" classname="com.eisoo.anysharetest.GestureTest" time="0">
    <skipped/>
  </testcase>
  <testcase name="setOffTest" classname="com.eisoo.anysharetest.GestureTest" time="0">
    <skipped/>
  </testcase>
  <testcase name="afterClass" classname="com.eisoo.anysharetest.GestureTest" time="0">
    <skipped/>
  </testcase>
  <testcase name="beforeClass" classname="com.eisoo.anysharetest.FilelistTest" time="0">
    <skipped/>
  </testcase>
  <testcase name="asearchInlink" classname="com.eisoo.anysharetest.FilelistTest" time="0">
    <skipped/>
  </testcase>
  <testcase name="afterMethod" classname="com.eisoo.anysharetest.FilelistTest" time="0">
    <skipped/>
  </testcase>
  <testcase name="afterMethod" classname="com.eisoo.anysharetest.FilelistTest" time="0">
    <skipped/>
  </testcase>
  <testcase name="afterMethod" classname="com.eisoo.anysharetest.FilelistTest" time="0">
    <skipped/>
  </testcase>
  <testcase name="afterMethod" classname="com.eisoo.anysharetest.FilelistTest" time="0">
    <skipped/>
  </testcase>
  <testcase name="afterMethod" classname="com.eisoo.anysharetest.FilelistTest" time="0">
    <skipped/>
  </testcase>
  <testcase name="afterMethod" classname="com.eisoo.anysharetest.FilelistTest" time="0">
    <skipped/>
  </testcase>
  <testcase name="afterMethod" classname="com.eisoo.anysharetest.FilelistTest" time="0">
    <skipped/>
  </testcase>
  <testcase name="delFile" classname="com.eisoo.anysharetest.FilelistTest" time="0">
    <skipped/>
  </testcase>
  <testcase name="delFiles" classname="com.eisoo.anysharetest.FilelistTest" time="0">
    <skipped/>
  </testcase>
  <testcase name="renameFile" classname="com.eisoo.anysharetest.FilelistTest" time="0">
    <skipped/>
  </testcase>
  <testcase name="searchAlldir" classname="com.eisoo.anysharetest.FilelistTest" time="0">
    <skipped/>
  </testcase>
  <testcase name="searchExlink" classname="com.eisoo.anysharetest.FilelistTest" time="0">
    <skipped/>
  </testcase>
  <testcase name="searchKws" classname="com.eisoo.anysharetest.FilelistTest" time="0">
    <skipped/>
  </testcase>
  <testcase name="afterClass" classname="com.eisoo.anysharetest.FilelistTest" time="0">
    <skipped/>
  </testcase>
  <testcase name="beforeClass" classname="com.eisoo.anysharetest.UploadTest" time="0">
    <skipped/>
  </testcase>
  <testcase name="beforeMethod" classname="com.eisoo.anysharetest.UploadTest" time="0">
    <skipped/>
  </testcase>
  <testcase name="beforeMethod" classname="com.eisoo.anysharetest.UploadTest" time="0">
    <skipped/>
  </testcase>
  <testcase name="beforeMethod" classname="com.eisoo.anysharetest.UploadTest" time="0">
    <skipped/>
  </testcase>
  <testcase name="beforeMethod" classname="com.eisoo.anysharetest.UploadTest" time="0">
    <skipped/>
  </testcase>
  <testcase name="beforeMethod" classname="com.eisoo.anysharetest.UploadTest" time="0">
    <skipped/>
  </testcase>
  <testcase name="beforeMethod" classname="com.eisoo.anysharetest.UploadTest" time="0">
    <skipped/>
  </testcase>
  <testcase name="beforeMethod" classname="com.eisoo.anysharetest.UploadTest" time="0">
    <skipped/>
  </testcase>
  <testcase name="beforeMethod" classname="com.eisoo.anysharetest.UploadTest" time="0">
    <skipped/>
  </testcase>
  <testcase name="beforeMethod" classname="com.eisoo.anysharetest.UploadTest" time="0">
    <skipped/>
  </testcase>
  <testcase name="beforeMethod" classname="com.eisoo.anysharetest.UploadTest" time="0">
    <skipped/>
  </testcase>
  <testcase name="beforeMethod" classname="com.eisoo.anysharetest.UploadTest" time="0">
    <skipped/>
  </testcase>
  <testcase name="beforeMethod" classname="com.eisoo.anysharetest.UploadTest" time="0">
    <skipped/>
  </testcase>
  <testcase name="uploadAllVideo" classname="com.eisoo.anysharetest.UploadTest" time="0">
    <skipped/>
  </testcase>
  <testcase name="afterMethod" classname="com.eisoo.anysharetest.UploadTest" time="0">
    <skipped/>
  </testcase>
  <testcase name="afterMethod" classname="com.eisoo.anysharetest.UploadTest" time="0">
    <skipped/>
  </testcase>
  <testcase name="afterMethod" classname="com.eisoo.anysharetest.UploadTest" time="0">
    <skipped/>
  </testcase>
  <testcase name="afterMethod" classname="com.eisoo.anysharetest.UploadTest" time="0">
    <skipped/>
  </testcase>
  <testcase name="afterMethod" classname="com.eisoo.anysharetest.UploadTest" time="0">
    <skipped/>
  </testcase>
  <testcase name="afterMethod" classname="com.eisoo.anysharetest.UploadTest" time="0">
    <skipped/>
  </testcase>
  <testcase name="afterMethod" classname="com.eisoo.anysharetest.UploadTest" time="0">
    <skipped/>
  </testcase>
  <testcase name="afterMethod" classname="com.eisoo.anysharetest.UploadTest" time="0">
    <skipped/>
  </testcase>
  <testcase name="afterMethod" classname="com.eisoo.anysharetest.UploadTest" time="0">
    <skipped/>
  </testcase>
  <testcase name="afterMethod" classname="com.eisoo.anysharetest.UploadTest" time="0">
    <skipped/>
  </testcase>
  <testcase name="afterMethod" classname="com.eisoo.anysharetest.UploadTest" time="0">
    <skipped/>
  </testcase>
  <testcase name="afterMethod" classname="com.eisoo.anysharetest.UploadTest" time="0">
    <skipped/>
  </testcase>
  <testcase name="uploadAudio" classname="com.eisoo.anysharetest.UploadTest" time="0">
    <skipped/>
  </testcase>
  <testcase name="uploadContinueVideo" classname="com.eisoo.anysharetest.UploadTest" time="0">
    <skipped/>
  </testcase>
  <testcase name="uploadFile" classname="com.eisoo.anysharetest.UploadTest" time="0">
    <skipped/>
  </testcase>
  <testcase name="uploadMulVideo" classname="com.eisoo.anysharetest.UploadTest" time="0">
    <skipped/>
  </testcase>
  <testcase name="uploadNoPermission" classname="com.eisoo.anysharetest.UploadTest" time="0">
    <skipped/>
  </testcase>
  <testcase name="uploadNoWifi" classname="com.eisoo.anysharetest.UploadTest" time="0">
    <skipped/>
  </testcase>
  <testcase name="uploadPauseVideo" classname="com.eisoo.anysharetest.UploadTest" time="0">
    <skipped/>
  </testcase>
  <testcase name="uploadPics" classname="com.eisoo.anysharetest.UploadTest" time="0">
    <skipped/>
  </testcase>
  <testcase name="uploadTakePhoto" classname="com.eisoo.anysharetest.UploadTest" time="0">
    <skipped/>
  </testcase>
  <testcase name="uploadVideo" classname="com.eisoo.anysharetest.UploadTest" time="0">
    <skipped/>
  </testcase>
  <testcase name="uploadWaitWifi" classname="com.eisoo.anysharetest.UploadTest" time="0">
    <skipped/>
  </testcase>
  <testcase name="afterClass" classname="com.eisoo.anysharetest.UploadTest" time="0">
    <skipped/>
  </testcase>
  <testcase name="login" classname="com.eisoo.anysharetest.CommtTest" time="0">
    <skipped/>
  </testcase>
  <testcase name="beforeMethod" classname="com.eisoo.anysharetest.CommtTest" time="0">
    <skipped/>
  </testcase>
  <testcase name="beforeMethod" classname="com.eisoo.anysharetest.CommtTest" time="0">
    <skipped/>
  </testcase>
  <testcase name="beforeMethod" classname="com.eisoo.anysharetest.CommtTest" time="0">
    <skipped/>
  </testcase>
  <testcase name="beforeMethod" classname="com.eisoo.anysharetest.CommtTest" time="0">
    <skipped/>
  </testcase>
  <testcase name="beforeMethod" classname="com.eisoo.anysharetest.CommtTest" time="0">
    <skipped/>
  </testcase>
  <testcase name="addcomm_diffChar" classname="com.eisoo.anysharetest.CommtTest" time="0">
    <skipped/>
  </testcase>
  <testcase name="afterMethod" classname="com.eisoo.anysharetest.CommtTest" time="0">
    <skipped/>
  </testcase>
  <testcase name="afterMethod" classname="com.eisoo.anysharetest.CommtTest" time="0">
    <skipped/>
  </testcase>
  <testcase name="afterMethod" classname="com.eisoo.anysharetest.CommtTest" time="0">
    <skipped/>
  </testcase>
  <testcase name="afterMethod" classname="com.eisoo.anysharetest.CommtTest" time="0">
    <skipped/>
  </testcase>
  <testcase name="afterMethod" classname="com.eisoo.anysharetest.CommtTest" time="0">
    <skipped/>
  </testcase>
  <testcase name="addcomm_inlimit" classname="com.eisoo.anysharetest.CommtTest" time="0">
    <skipped/>
  </testcase>
  <testcase name="addcomm_overlimit" classname="com.eisoo.anysharetest.CommtTest" time="0">
    <skipped/>
  </testcase>
  <testcase name="delcommt" classname="com.eisoo.anysharetest.CommtTest" time="0">
    <skipped/>
  </testcase>
  <testcase name="replycommt" classname="com.eisoo.anysharetest.CommtTest" time="0">
    <skipped/>
  </testcase>
  <testcase name="afterClass" classname="com.eisoo.anysharetest.CommtTest" time="0">
    <skipped/>
  </testcase>
  <testcase name="beforeClass" classname="com.eisoo.anysharetest.openFileTest" time="0">
    <skipped/>
  </testcase>
  <testcase name="openAudio" classname="com.eisoo.anysharetest.openFileTest" time="0">
    <skipped/>
  </testcase>
  <testcase name="afterMethod" classname="com.eisoo.anysharetest.openFileTest" time="0">
    <skipped/>
  </testcase>
  <testcase name="afterMethod" classname="com.eisoo.anysharetest.openFileTest" time="0">
    <skipped/>
  </testcase>
  <testcase name="afterMethod" classname="com.eisoo.anysharetest.openFileTest" time="0">
    <skipped/>
  </testcase>
  <testcase name="afterMethod" classname="com.eisoo.anysharetest.openFileTest" time="0">
    <skipped/>
  </testcase>
  <testcase name="openFile" classname="com.eisoo.anysharetest.openFileTest" time="0">
    <skipped/>
  </testcase>
  <testcase name="openPic" classname="com.eisoo.anysharetest.openFileTest" time="0">
    <skipped/>
  </testcase>
  <testcase name="openVideo" classname="com.eisoo.anysharetest.openFileTest" time="0">
    <skipped/>
  </testcase>
  <testcase name="afterClass" classname="com.eisoo.anysharetest.openFileTest" time="0">
    <skipped/>
  </testcase>
  <testcase name="afterTest" classname="com.eisoo.anysharetest.UploadTest" time="0">
    <skipped/>
  </testcase>
  <testcase name="testApp on testApp(com.eisoo.anysharetest.AppTest)" classname="com.eisoo.anysharetest.AppTest" time="0.252"/>
</testsuite>