<?xml version="1.0" encoding="UTF-8"?>
<!-- Generated by org.testng.reporters.JUnitReportReporter -->
<testsuite skipped="0" hostname="VivideMacBook-Pro.local" name="com.eisoo.anysharetest.openFileTest" tests="4" failures="0" timestamp="19 Apr 2018 07:10:04 GMT" time="210.838" errors="0">
  <testcase name="openVideo" time="52.092" classname="com.eisoo.anysharetest.openFileTest"/>
  <testcase name="openPic" time="49.632" classname="com.eisoo.anysharetest.openFileTest"/>
  <testcase name="openAudio" time="52.340" classname="com.eisoo.anysharetest.openFileTest"/>
  <testcase name="openFile" time="56.774" classname="com.eisoo.anysharetest.openFileTest"/>
</testsuite> <!-- com.eisoo.anysharetest.openFileTest -->
