<?xml version="1.0" encoding="UTF-8"?>
<!-- Generated by org.testng.reporters.JUnitReportReporter -->
<testsuite skipped="0" hostname="VivideMacBook-Pro.local" name="com.eisoo.anysharetest.FilelistTest" tests="7" failures="0" timestamp="20 Apr 2018 02:05:57 GMT" time="263.083" errors="0">
  <testcase name="delFile" time="42.828" classname="com.eisoo.anysharetest.FilelistTest"/>
  <testcase name="searchAlldir" time="28.440" classname="com.eisoo.anysharetest.FilelistTest"/>
  <testcase name="delFiles" time="21.494" classname="com.eisoo.anysharetest.FilelistTest"/>
  <testcase name="renameFile" time="26.459" classname="com.eisoo.anysharetest.FilelistTest"/>
  <testcase name="asearchInlink" time="56.029" classname="com.eisoo.anysharetest.FilelistTest"/>
  <testcase name="searchExlink" time="59.355" classname="com.eisoo.anysharetest.FilelistTest"/>
  <testcase name="searchKws" time="28.478" classname="com.eisoo.anysharetest.FilelistTest"/>
</testsuite> <!-- com.eisoo.anysharetest.FilelistTest -->
