<?xml version="1.0" encoding="UTF-8"?>
<!-- Generated by org.testng.reporters.JUnitReportReporter -->
<testsuite skipped="0" hostname="VivideMacBook-Pro.local" name="com.eisoo.anysharetest.CommtTest" tests="5" failures="0" timestamp="19 Apr 2018 02:54:54 GMT" time="291.986" errors="0">
  <testcase name="addcomm_inlimit" time="65.423" classname="com.eisoo.anysharetest.CommtTest"/>
  <testcase name="delcommt" time="46.871" classname="com.eisoo.anysharetest.CommtTest"/>
  <testcase name="addcomm_diffChar" time="47.450" classname="com.eisoo.anysharetest.CommtTest"/>
  <testcase name="addcomm_overlimit" time="70.898" classname="com.eisoo.anysharetest.CommtTest"/>
  <testcase name="replycommt" time="61.344" classname="com.eisoo.anysharetest.CommtTest"/>
</testsuite> <!-- com.eisoo.anysharetest.CommtTest -->
