<?xml version="1.0" encoding="UTF-8"?>
<!-- Generated by org.testng.reporters.JUnitReportReporter -->
<testsuite skipped="0" hostname="VivideMacBook-Pro.local" name="com.eisoo.anysharetest.Demoxest" tests="1" failures="0" timestamp="20 Apr 2018 06:17:05 GMT" time="47.243" errors="0">
  <testcase name="testmanytimes2" time="47.243" classname="com.eisoo.anysharetest.Demoxest"/>
</testsuite> <!-- com.eisoo.anysharetest.Demoxest -->
