<?xml version="1.0" encoding="UTF-8"?>
<!-- Generated by org.testng.reporters.JUnitReportReporter -->
<testsuite hostname="VivideMacBook-Pro.local" name="com.eisoo.anysharetest.UploadTest" tests="12" failures="0" timestamp="21 Mar 2018 06:24:38 GMT" time="497.145" errors="0">
  <testcase name="uploadWaitWifi" time="48.647" classname="com.eisoo.anysharetest.UploadTest"/>
  <testcase name="uploadNoPermission" time="44.114" classname="com.eisoo.anysharetest.UploadTest"/>
  <testcase name="uploadAudio" time="33.987" classname="com.eisoo.anysharetest.UploadTest"/>
  <testcase name="uploadMulVideo" time="40.869" classname="com.eisoo.anysharetest.UploadTest"/>
  <testcase name="uploadVideo" time="33.010" classname="com.eisoo.anysharetest.UploadTest"/>
  <testcase name="uploadPics" time="41.939" classname="com.eisoo.anysharetest.UploadTest"/>
  <testcase name="uploadAllVideo" time="33.197" classname="com.eisoo.anysharetest.UploadTest"/>
  <testcase name="uploadFile" time="35.139" classname="com.eisoo.anysharetest.UploadTest"/>
  <testcase name="uploadPauseVideo" time="36.895" classname="com.eisoo.anysharetest.UploadTest"/>
  <testcase name="uploadNoWifi" time="58.485" classname="com.eisoo.anysharetest.UploadTest"/>
  <testcase name="uploadContinueVideo" time="37.956" classname="com.eisoo.anysharetest.UploadTest"/>
  <testcase name="uploadTakePhoto" time="52.907" classname="com.eisoo.anysharetest.UploadTest"/>
</testsuite> <!-- com.eisoo.anysharetest.UploadTest -->
