<?xml version="1.0" encoding="UTF-8"?>
<!-- Generated by org.testng.reporters.JUnitReportReporter -->
<testsuite skipped="0" hostname="VivideMacBook-Pro.local" name="com.eisoo.anysharetest.DownloadTest" tests="7" failures="0" timestamp="19 Apr 2018 07:48:27 GMT" time="366.001" errors="0">
  <testcase name="downldMultiFile" time="62.378" classname="com.eisoo.anysharetest.DownloadTest"/>
  <testcase name="downldAllFile" time="54.402" classname="com.eisoo.anysharetest.DownloadTest"/>
  <testcase name="downldManyFile" time="50.189" classname="com.eisoo.anysharetest.DownloadTest"/>
  <testcase name="downldAFile" time="29.670" classname="com.eisoo.anysharetest.DownloadTest"/>
  <testcase name="downldNoWifi" time="63.184" classname="com.eisoo.anysharetest.DownloadTest"/>
  <testcase name="downldWaitWfi" time="63.291" classname="com.eisoo.anysharetest.DownloadTest"/>
  <testcase name="downldNoPermisison" time="42.887" classname="com.eisoo.anysharetest.DownloadTest"/>
</testsuite> <!-- com.eisoo.anysharetest.DownloadTest -->
