<?xml version="1.0" encoding="UTF-8"?>
<!-- Generated by org.testng.reporters.JUnitReportReporter -->
<testsuite skipped="0" hostname="VivideMacBook-Pro.local" name="com.eisoo.anysharetest.GestureTest" tests="4" failures="0" timestamp="20 Apr 2018 02:52:28 GMT" time="224.418" errors="0">
  <testcase name="setOnTest" time="89.648" classname="com.eisoo.anysharetest.GestureTest"/>
  <testcase name="unlockTest" time="38.190" classname="com.eisoo.anysharetest.GestureTest"/>
  <testcase name="modifyTest" time="51.032" classname="com.eisoo.anysharetest.GestureTest"/>
  <testcase name="setOffTest" time="45.548" classname="com.eisoo.anysharetest.GestureTest"/>
</testsuite> <!-- com.eisoo.anysharetest.GestureTest -->
