<?xml version="1.0" encoding="UTF-8"?>
<!-- Generated by org.testng.reporters.JUnitReportReporter -->
<testsuite skipped="0" hostname="VivideMacBook-Pro.local" name="com.eisoo.anysharetest.LanguageSetTest" tests="6" failures="0" timestamp="20 Apr 2018 03:17:21 GMT" time="228.337" errors="0">
  <testcase name="setbTraditionalHome" time="23.992" classname="com.eisoo.anysharetest.LanguageSetTest"/>
  <testcase name="setaEn" time="40.348" classname="com.eisoo.anysharetest.LanguageSetTest"/>
  <testcase name="setbEnHome" time="43.639" classname="com.eisoo.anysharetest.LanguageSetTest"/>
  <testcase name="setaTraditional" time="45.627" classname="com.eisoo.anysharetest.LanguageSetTest"/>
  <testcase name="setbCh" time="50.819" classname="com.eisoo.anysharetest.LanguageSetTest"/>
  <testcase name="setcChHome" time="23.912" classname="com.eisoo.anysharetest.LanguageSetTest"/>
</testsuite> <!-- com.eisoo.anysharetest.LanguageSetTest -->
